!SESSION 2016-05-06 10:30:03.764 -----------------------------------------------
eclipse.buildId=unknown
java.version=1.6.0_23
java.vendor=Sun Microsystems Inc.
BootLoader constants: OS=win32, ARCH=x86, WS=win32, NL=zh_CN
Command-line arguments:  -dev file:D:/Project/hbwht/.metadata/.plugins/org.eclipse.pde.core/hbwht/dev.properties -os win32 -ws win32 -arch x86 -consoleLog -console

!ENTRY com.jiuqi.report.extractdata.efdc 4 0 2016-05-06 10:33:28.371
!MESSAGE FrameworkEvent ERROR
!STACK 0
org.osgi.framework.BundleException: The bundle "com.jiuqi.report.extractdata.efdc_1.0.0 [766]" could not be resolved. Reason: Missing Constraint: Import-Package: com.jiuqi.efdc.datafetch.service.request; version="0.0.0"
	at org.eclipse.osgi.framework.internal.core.AbstractBundle.getResolverError(AbstractBundle.java:1332)
	at org.eclipse.osgi.framework.internal.core.AbstractBundle.getResolutionFailureException(AbstractBundle.java:1316)
	at org.eclipse.osgi.framework.internal.core.BundleHost.startWorker(BundleHost.java:323)
	at org.eclipse.osgi.framework.internal.core.AbstractBundle.resume(AbstractBundle.java:390)
	at org.eclipse.osgi.framework.internal.core.Framework.resumeBundle(Framework.java:1177)
	at org.eclipse.osgi.framework.internal.core.StartLevelManager.resumeBundles(StartLevelManager.java:559)
	at org.eclipse.osgi.framework.internal.core.StartLevelManager.resumeBundles(StartLevelManager.java:544)
	at org.eclipse.osgi.framework.internal.core.StartLevelManager.incFWSL(StartLevelManager.java:457)
	at org.eclipse.osgi.framework.internal.core.StartLevelManager.doSetStartLevel(StartLevelManager.java:243)
	at org.eclipse.osgi.framework.internal.core.StartLevelManager.dispatchEvent(StartLevelManager.java:438)
	at org.eclipse.osgi.framework.internal.core.StartLevelManager.dispatchEvent(StartLevelManager.java:1)
	at org.eclipse.osgi.framework.eventmgr.EventManager.dispatchEvent(EventManager.java:230)
	at org.eclipse.osgi.framework.eventmgr.EventManager$EventThread.run(EventManager.java:340)

!ENTRY org.eclipse.osgi 4 0 2016-05-06 10:33:29.461
!MESSAGE Bundle initial@reference:file:app/com.jiuqi.report.app.extractdata/com.jiuqi.report.extractdata.efdc_1.0.0.jar was not resolved.
