!SESSION 2016-05-16 17:11:41.302 -----------------------------------------------
eclipse.buildId=unknown
java.version=1.6.0_23
java.vendor=Sun Microsystems Inc.
BootLoader constants: OS=win32, ARCH=x86, WS=win32, NL=zh_CN
Command-line arguments:  -dev file:D:/Project/hbwht/.metadata/.plugins/org.eclipse.pde.core/hbwht/dev.properties -os win32 -ws win32 -arch x86 -consoleLog -console

!ENTRY com.jiuqi.gl.common 4 0 2016-05-16 17:12:29.208
!MESSAGE FrameworkEvent ERROR
!STACK 0
org.osgi.framework.BundleException: The bundle "com.jiuqi.gl.common_1.0.0 [1826]" could not be resolved. Reason: Missing Constraint: Require-Bundle: com.jiuqi.vacomm.utils.intf; bundle-version="1.0.0"
	at org.eclipse.osgi.framework.internal.core.AbstractBundle.getResolverError(AbstractBundle.java:1332)
	at org.eclipse.osgi.framework.internal.core.AbstractBundle.getResolutionFailureException(AbstractBundle.java:1316)
	at org.eclipse.osgi.framework.internal.core.BundleHost.startWorker(BundleHost.java:323)
	at org.eclipse.osgi.framework.internal.core.AbstractBundle.resume(AbstractBundle.java:390)
	at org.eclipse.osgi.framework.internal.core.Framework.resumeBundle(Framework.java:1177)
	at org.eclipse.osgi.framework.internal.core.StartLevelManager.resumeBundles(StartLevelManager.java:559)
	at org.eclipse.osgi.framework.internal.core.StartLevelManager.resumeBundles(StartLevelManager.java:544)
	at org.eclipse.osgi.framework.internal.core.StartLevelManager.incFWSL(StartLevelManager.java:457)
	at org.eclipse.osgi.framework.internal.core.StartLevelManager.doSetStartLevel(StartLevelManager.java:243)
	at org.eclipse.osgi.framework.internal.core.StartLevelManager.dispatchEvent(StartLevelManager.java:438)
	at org.eclipse.osgi.framework.internal.core.StartLevelManager.dispatchEvent(StartLevelManager.java:1)
	at org.eclipse.osgi.framework.eventmgr.EventManager.dispatchEvent(EventManager.java:230)
	at org.eclipse.osgi.framework.eventmgr.EventManager$EventThread.run(EventManager.java:340)

!ENTRY com.jiuqi.vacomm.utils.intf 4 0 2016-05-16 17:12:29.219
!MESSAGE FrameworkEvent ERROR
!STACK 0
org.osgi.framework.BundleException: The bundle "com.jiuqi.vacomm.utils.intf_1.0.0 [1828]" could not be resolved. Reason: Missing Constraint: Require-Bundle: com.jiuqi.sm.common; bundle-version="1.0.0"
	at org.eclipse.osgi.framework.internal.core.AbstractBundle.getResolverError(AbstractBundle.java:1332)
	at org.eclipse.osgi.framework.internal.core.AbstractBundle.getResolutionFailureException(AbstractBundle.java:1316)
	at org.eclipse.osgi.framework.internal.core.BundleHost.startWorker(BundleHost.java:323)
	at org.eclipse.osgi.framework.internal.core.AbstractBundle.resume(AbstractBundle.java:390)
	at org.eclipse.osgi.framework.internal.core.Framework.resumeBundle(Framework.java:1177)
	at org.eclipse.osgi.framework.internal.core.StartLevelManager.resumeBundles(StartLevelManager.java:559)
	at org.eclipse.osgi.framework.internal.core.StartLevelManager.resumeBundles(StartLevelManager.java:544)
	at org.eclipse.osgi.framework.internal.core.StartLevelManager.incFWSL(StartLevelManager.java:457)
	at org.eclipse.osgi.framework.internal.core.StartLevelManager.doSetStartLevel(StartLevelManager.java:243)
	at org.eclipse.osgi.framework.internal.core.StartLevelManager.dispatchEvent(StartLevelManager.java:438)
	at org.eclipse.osgi.framework.internal.core.StartLevelManager.dispatchEvent(StartLevelManager.java:1)
	at org.eclipse.osgi.framework.eventmgr.EventManager.dispatchEvent(EventManager.java:230)
	at org.eclipse.osgi.framework.eventmgr.EventManager$EventThread.run(EventManager.java:340)

!ENTRY com.jiuqi.gov.acc.va.portal 4 0 2016-05-16 17:12:29.226
!MESSAGE FrameworkEvent ERROR
!STACK 0
org.osgi.framework.BundleException: The bundle "com.jiuqi.gov.acc.va.portal_1.0.0 [1833]" could not be resolved. Reason: Missing Constraint: Require-Bundle: com.jiuqi.vacomm.utils.intf; bundle-version="0.0.0"
	at org.eclipse.osgi.framework.internal.core.AbstractBundle.getResolverError(AbstractBundle.java:1332)
	at org.eclipse.osgi.framework.internal.core.AbstractBundle.getResolutionFailureException(AbstractBundle.java:1316)
	at org.eclipse.osgi.framework.internal.core.BundleHost.startWorker(BundleHost.java:323)
	at org.eclipse.osgi.framework.internal.core.AbstractBundle.resume(AbstractBundle.java:390)
	at org.eclipse.osgi.framework.internal.core.Framework.resumeBundle(Framework.java:1177)
	at org.eclipse.osgi.framework.internal.core.StartLevelManager.resumeBundles(StartLevelManager.java:559)
	at org.eclipse.osgi.framework.internal.core.StartLevelManager.resumeBundles(StartLevelManager.java:544)
	at org.eclipse.osgi.framework.internal.core.StartLevelManager.incFWSL(StartLevelManager.java:457)
	at org.eclipse.osgi.framework.internal.core.StartLevelManager.doSetStartLevel(StartLevelManager.java:243)
	at org.eclipse.osgi.framework.internal.core.StartLevelManager.dispatchEvent(StartLevelManager.java:438)
	at org.eclipse.osgi.framework.internal.core.StartLevelManager.dispatchEvent(StartLevelManager.java:1)
	at org.eclipse.osgi.framework.eventmgr.EventManager.dispatchEvent(EventManager.java:230)
	at org.eclipse.osgi.framework.eventmgr.EventManager$EventThread.run(EventManager.java:340)

!ENTRY org.eclipse.osgi 4 0 2016-05-16 17:12:29.230
!MESSAGE Bundle initial@reference:file:dna/app/com.jiuqi.gl.common_1.0.0.jar was not resolved.

!ENTRY org.eclipse.osgi 4 0 2016-05-16 17:12:29.231
!MESSAGE Bundle initial@reference:file:../../Project/hbwht/com.jiuqi.gov.acc.va.portal/ was not resolved.

!ENTRY org.eclipse.osgi 4 0 2016-05-16 17:12:29.232
!MESSAGE Bundle initial@reference:file:dna/app/com.jiuqi.vacomm.utils.intf_1.0.0.jar was not resolved.

!ENTRY org.eclipse.osgi 2 0 2016-05-16 17:12:29.661
!MESSAGE One or more bundles are not resolved because the following root constraints are not resolved:
!SUBENTRY 1 org.eclipse.osgi 2 0 2016-05-16 17:12:29.661
!MESSAGE Bundle initial@reference:file:dna/app/com.jiuqi.vacomm.utils.intf_1.0.0.jar was not resolved.
!SUBENTRY 2 com.jiuqi.vacomm.utils.intf 2 0 2016-05-16 17:12:29.664
!MESSAGE Missing required bundle com.jiuqi.vacomm.lang_1.0.0.
!SUBENTRY 2 com.jiuqi.vacomm.utils.intf 2 0 2016-05-16 17:12:29.664
!MESSAGE Missing required bundle com.jiuqi.sm.unitoption.intf_1.0.0.
!SUBENTRY 2 com.jiuqi.vacomm.utils.intf 2 0 2016-05-16 17:12:29.666
!MESSAGE Missing required bundle com.jiuqi.sm.common_1.0.0.
!SUBENTRY 1 org.eclipse.osgi 2 0 2016-05-16 17:12:29.667
!MESSAGE Bundle initial@reference:file:dna/app/com.jiuqi.gl.common_1.0.0.jar was not resolved.
!SUBENTRY 2 com.jiuqi.gl.common 2 0 2016-05-16 17:12:29.669
!MESSAGE Missing required bundle com.jiuqi.gl.md.intf_1.0.0.
!SUBENTRY 2 com.jiuqi.gl.common 2 0 2016-05-16 17:12:29.687
!MESSAGE Missing required bundle com.jiuqi.gl.cm.intf_0.0.0.
!SUBENTRY 2 com.jiuqi.gl.common 2 0 2016-05-16 17:12:29.690
!MESSAGE Missing required bundle com.jiuqi.sm.unitoption.intf_1.0.0.
!SUBENTRY 2 com.jiuqi.gl.common 2 0 2016-05-16 17:12:29.691
!MESSAGE Missing required bundle com.jiuqi.sm.common_1.0.0.
!SUBENTRY 2 com.jiuqi.gl.common 2 0 2016-05-16 17:12:29.692
!MESSAGE Missing required bundle com.jiuqi.gl.voucher.intf_1.0.0.
!SUBENTRY 2 com.jiuqi.gl.common 2 0 2016-05-16 17:12:29.694
!MESSAGE Missing required bundle com.jiuqi.gl.voucher.storage_1.0.0.
!SUBENTRY 2 com.jiuqi.gl.common 2 0 2016-05-16 17:12:29.695
!MESSAGE Missing required bundle com.jiuqi.gl.balanceinit.intf_1.0.0.
!SUBENTRY 2 com.jiuqi.gl.common 2 0 2016-05-16 17:12:29.703
!MESSAGE Missing required bundle com.jiuqi.gl.assist.intf_1.0.0.

!ENTRY org.eclipse.osgi 2 0 2016-05-16 17:12:29.732
!MESSAGE The following is a complete list of bundles which are not resolved, see the prior log entry for the root cause if it exists:
!SUBENTRY 1 org.eclipse.osgi 2 0 2016-05-16 17:12:29.732
!MESSAGE Bundle com.jiuqi.gl.common_1.0.0 [1826] was not resolved.
!SUBENTRY 2 com.jiuqi.gl.common 2 0 2016-05-16 17:12:29.733
!MESSAGE Missing required bundle com.jiuqi.vacomm.utils.intf_1.0.0.
!SUBENTRY 2 com.jiuqi.gl.common 2 0 2016-05-16 17:12:29.733
!MESSAGE Missing required bundle com.jiuqi.sm.common_1.0.0.
!SUBENTRY 2 com.jiuqi.gl.common 2 0 2016-05-16 17:12:29.733
!MESSAGE Missing required bundle com.jiuqi.sm.unitoption.intf_1.0.0.
!SUBENTRY 2 com.jiuqi.gl.common 2 0 2016-05-16 17:12:29.733
!MESSAGE Missing required bundle com.jiuqi.gl.md.intf_1.0.0.
!SUBENTRY 2 com.jiuqi.gl.common 2 0 2016-05-16 17:12:29.733
!MESSAGE Missing required bundle com.jiuqi.gl.assist.intf_1.0.0.
!SUBENTRY 2 com.jiuqi.gl.common 2 0 2016-05-16 17:12:29.733
!MESSAGE Missing required bundle com.jiuqi.gl.balanceinit.intf_1.0.0.
!SUBENTRY 2 com.jiuqi.gl.common 2 0 2016-05-16 17:12:29.733
!MESSAGE Missing required bundle com.jiuqi.gl.voucher.intf_1.0.0.
!SUBENTRY 2 com.jiuqi.gl.common 2 0 2016-05-16 17:12:29.733
!MESSAGE Missing required bundle com.jiuqi.gl.voucher.storage_1.0.0.
!SUBENTRY 2 com.jiuqi.gl.common 2 0 2016-05-16 17:12:29.733
!MESSAGE Missing required bundle com.jiuqi.gl.cm.intf_0.0.0.
!SUBENTRY 1 org.eclipse.osgi 2 0 2016-05-16 17:12:29.734
!MESSAGE Bundle com.jiuqi.vacomm.utils.intf_1.0.0 [1828] was not resolved.
!SUBENTRY 2 com.jiuqi.vacomm.utils.intf 2 0 2016-05-16 17:12:29.734
!MESSAGE Missing required bundle com.jiuqi.sm.common_1.0.0.
!SUBENTRY 2 com.jiuqi.vacomm.utils.intf 2 0 2016-05-16 17:12:29.734
!MESSAGE Missing required bundle com.jiuqi.sm.unitoption.intf_1.0.0.
!SUBENTRY 2 com.jiuqi.vacomm.utils.intf 2 0 2016-05-16 17:12:29.734
!MESSAGE Missing required bundle com.jiuqi.vacomm.lang_1.0.0.
!SUBENTRY 1 org.eclipse.osgi 2 0 2016-05-16 17:12:29.734
!MESSAGE Bundle com.jiuqi.gov.acc.va.portal_1.0.0 [1833] was not resolved.
!SUBENTRY 2 com.jiuqi.gov.acc.va.portal 2 0 2016-05-16 17:12:29.734
!MESSAGE Missing required bundle com.jiuqi.vacomm.utils.intf_0.0.0.
!SUBENTRY 2 com.jiuqi.gov.acc.va.portal 2 0 2016-05-16 17:12:29.734
!MESSAGE Missing required bundle com.jiuqi.gl.common_1.0.0.
!SUBENTRY 2 com.jiuqi.gov.acc.va.portal 2 0 2016-05-16 17:12:29.734
!MESSAGE Missing imported package com.jiuqi.vacomm.utils_0.0.0.
